busybox-1.33.1-r4
alpine-baselayout-3.2.0-r17
alpine-keys-2.3-r1
libcrypto1.1-1.1.1k-r1
libssl1.1-1.1.1k-r1
ca-certificates-bundle-20191127-r5
libretls-3.3.3p1-r0
ssl_client-1.33.1-r4
zlib-1.2.11-r3
apk-tools-2.12.7-r0
scanelf-1.3.3-r0
musl-utils-1.2.2-r5
libc-utils-0.7.2-r3
musl-1.2.2-r7
fakeroot-1.25.3-r3
openssl-1.1.1n-r0
libattr-2.5.1-r1
attr-2.5.1-r1
libacl-2.2.53-r0
tar-1.34-r0
pkgconf-1.8.0-r0
patch-2.7.6-r7
libgcc-11.2.1_git20220219-r1
libstdc++-11.2.1_git20220219-r1
lzip-1.23-r0
ca-certificates-20211220-r0
brotli-libs-1.0.9-r6
nghttp2-libs-1.47.0-r0
libcurl-7.82.0-r0
curl-7.82.0-r0
abuild-3.9.0-r0
binutils-2.38-r1
libmagic-5.41-r0
file-5.41-r0
libgomp-11.2.1_git20220219-r1
libatomic-11.2.1_git20220219-r1
gmp-6.2.1-r1
isl22-0.22-r0
mpfr4-4.1.0-r0
mpc1-1.2.1-r0
gcc-11.2.1_git20220219-r1
musl-dev-1.2.2-r7
libc-dev-0.7.2-r3
g++-11.2.1_git20220219-r1
make-4.3-r0
fortify-headers-1.1-r1
build-base-0.5-r2
expat-2.4.8-r0
pcre2-10.39-r0
git-2.35.1-r1
alpine-sdk-1.0-r1
ctags-5.9.20220327.0-r0
fd-8.3.2-r0
fzf-0.30.0-r0
libintl-0.21-r1
luajit-2.1_p20210510-r0
libuv-1.44.1-r0
libluv-1.42.0.1-r0
msgpack-c-4.0.0-r0
unibilium-2.1.1-r0
libtermkey-0.22-r0
tree-sitter-0.20.6-r0
libvterm-0.1.4-r0
neovim-0.6.1-r2
fzf-neovim-0.30.0-r0
neovim-doc-0.6.1-r2
c-ares-1.18.1-r0
nodejs-16.14.2-r0
ripgrep-13.0.0-r0
tree-sitter-cli-0.20.6-r0
libbz2-1.0.8-r1
perl-5.34.0-r1
perl-error-0.17029-r1
perl-git-2.35.1-r1
git-perl-2.35.1-r1
perl-algorithm-diff-1.201-r0
perl-regexp-common-2017060201-r2
perl-class-method-modifiers-2.13-r2
perl-sub-quote-2.006006-r1
perl-role-tiny-2.002004-r1
perl-moo-2.005004-r1
perl-parallel-forkmanager-2.02-r3
cloc-1.92-r0
diffutils-3.8-r0
ncurses-terminfo-base-6.3_p20220402-r0
ncurses-libs-6.3_p20220402-r0
less-590-r0
colordiff-1.0.20-r0
go-1.18-r1
htop-3.1.2-r0
libprotobuf-3.18.1-r2
libprotoc-3.18.1-r2
protoc-3.18.1-r2
libevent-2.1.12-r4
tmux-3.2a-r0
tzdata-2022a-r0
m4-1.4.19-r1
autoconf-2.71-r0
automake-1.16.5-r0
readline-8.1.2-r0
bash-5.1.16-r0
abseil-cpp-20211102.0-r0
fmt-8.1.1-r2
libprotobuf-lite-3.18.1-r2
protobuf-3.18.1-r2
re2-2022.04.01-r0
grpc-1.44.0-r0
spdlog-1.9.2-r0
bear-3.0.19-r0
libffi-3.4.2-r1
xz-libs-5.2.5-r0
libxml2-2.9.13-r0
llvm13-libs-13.0.1-r0
clang-libs-13.0.1-r0
clang-13.0.1-r0
clang-extra-tools-13.0.1-r0
clang-dev-13.0.1-r0
lz4-libs-1.9.3-r1
zstd-libs-1.5.2-r0
libarchive-3.6.0-r0
rhash-libs-1.4.2-r2
cmake-3.23.0-r0
pcre-8.45-r2
cppcheck-2.7.1-r0
fzf-bash-plugin-0.30.0-r0
linenoise-1.0-r1
lua5.3-libs-5.3.6-r3
lua5.3-5.3.6-r3
lua5.3-dev-5.3.6-r3
samurai-1.2-r1
npm-8.3.0-r0
gdbm-1.23-r0
mpdecimal-2.5.1-r1
sqlite-libs-3.37.2-r0
python3-3.10.3-r0
py3-contextlib2-21.6.0-r2
py3-tomli-2.0.1-r1
py3-pep517-0.12.0-r1
py3-six-1.16.0-r1
py3-retrying-1.3.3-r3
py3-ordered-set-4.0.2-r3
py3-appdirs-1.4.4-r3
py3-parsing-2.4.7-r3
py3-packaging-21.3-r0
py3-setuptools-52.0.0-r5
py3-pip-22.0.4-r0
libhistory-8.1.2-r0
ncurses-dev-6.3_p20220402-r0
readline-dev-8.1.2-r0
unzip-6.0-r9
